<?xml version="1.0" encoding="UTF-8"?>
<!-- Generated by org.testng.reporters.JUnitXMLReporter -->
<testsuite ignored="0" hostname="DESKTOP-LT4DA25" failures="3" tests="6" name="Regression" time="242.561" errors="0" timestamp="2026-09-05T11:39:40 EEST">
  <testcase classname="com.orangehrm.tests.LoginTests" name="testValidLogin" time="4.715"/>
  <testcase classname="com.orangehrm.tests.LoginTests" name="testInvalidLogin" time="20.188"/>
  <testcase classname="com.orangehrm.tests.LoginTests" name="testForgotPasswordWithValidUser" time="112.499">
    <failure type="java.lang.AssertionError" message="BUG-001 confirmed: System returned a raw 504 Gateway Time-out page instead of the expected success message. expected [false] but found [true]">
      <![CDATA[java.lang.AssertionError: BUG-001 confirmed: System returned a raw 504 Gateway Time-out page instead of the expected success message. expected [false] but found [true]
at com.orangehrm.tests.LoginTests.testForgotPasswordWithValidUser(LoginTests.java:57)
at java.base/java.util.ArrayList.forEach(ArrayList.java:1612)
... Removed 32 stack frames]]>
    </failure>
  </testcase> <!-- testForgotPasswordWithValidUser -->
  <testcase classname="com.orangehrm.tests.MyInfoTests" name="testMissingMandatoryIndicatorOnPhoneFields" time="6.038">
    <failure type="java.lang.AssertionError" message="BUG-002 confirmed: None of the phone fields (Home Telephone, Mobile, Work Telephone) display a mandatory (*) indicator, even though the system enforces a mandatory phone number rule upon saving. expected [true] but found [false]">
      <![CDATA[java.lang.AssertionError: BUG-002 confirmed: None of the phone fields (Home Telephone, Mobile, Work Telephone) display a mandatory (*) indicator, even though the system enforces a mandatory phone number rule upon saving. expected [true] but found [false]
at com.orangehrm.tests.MyInfoTests.testMissingMandatoryIndicatorOnPhoneFields(MyInfoTests.java:32)
at java.base/java.util.ArrayList.forEach(ArrayList.java:1612)
... Removed 32 stack frames]]>
    </failure>
  </testcase> <!-- testMissingMandatoryIndicatorOnPhoneFields -->
  <testcase classname="com.orangehrm.tests.MyInfoTests" name="testInvalidPhoneNumberFormat" time="6.705"/>
  <testcase classname="com.orangehrm.tests.DirectoryTests" name="testSearchWithNonExistentEmployeeName" time="18.854">
    <failure type="org.openqa.selenium.TimeoutException" message="Expected condition failed: waiting for element to be clickable: By.xpath: //span[text()=&amp;apos;Directory&amp;apos;] (tried for 15 second(s) with 500 milliseconds interval)
Build info: version: &amp;apos;4.21.0&amp;apos;, revision: &amp;apos;79ed462ef4&amp;apos;
System info: os.name: &amp;apos;Windows 11&amp;apos;, os.arch: &amp;apos;amd64&amp;apos;, os.version: &amp;apos;10.0&amp;apos;, java.version: &amp;apos;26.0.2.1&amp;apos;
Driver info: org.openqa.selenium.chrome.ChromeDriver
Capabilities {acceptInsecureCerts: false, browserName: chrome, browserVersion: 151.0.7922.174, chrome: {chromedriverVersion: 151.0.7922.138 (41fa8244239..., userDataDir: C:\Users\mkh\AppData\Local\...}, fedcm:accounts: true, goog:chromeOptions: {debuggerAddress: localhost:62621}, goog:processID: 25060, networkConnectionEnabled: false, pageLoadStrategy: normal, platformName: windows, proxy: Proxy(), se:cdp: ws://localhost:62621/devtoo..., se:cdpVersion: 151.0.7922.174, setWindowRect: true, strictFileInteractability: false, timeouts: {implicit: 0, pageLoad: 300000, script: 30000}, unhandledPromptBehavior: dismiss and notify, webauthn:extension:credBlob: true, webauthn:extension:largeBlob: true, webauthn:extension:minPinLength: true, webauthn:extension:prf: true, webauthn:virtualAuthenticators: true}
Session ID: 5f518af2bf9e8545c9f2a54bb146d2f9">
      <![CDATA[org.openqa.selenium.TimeoutException: Expected condition failed: waiting for element to be clickable: By.xpath: //span[text()='Directory'] (tried for 15 second(s) with 500 milliseconds interval)
Build info: version: '4.21.0', revision: '79ed462ef4'
System info: os.name: 'Windows 11', os.arch: 'amd64', os.version: '10.0', java.version: '26.0.2.1'
Driver info: org.openqa.selenium.chrome.ChromeDriver
Capabilities {acceptInsecureCerts: false, browserName: chrome, browserVersion: 151.0.7922.174, chrome: {chromedriverVersion: 151.0.7922.138 (41fa8244239..., userDataDir: C:\Users\mkh\AppData\Local\...}, fedcm:accounts: true, goog:chromeOptions: {debuggerAddress: localhost:62621}, goog:processID: 25060, networkConnectionEnabled: false, pageLoadStrategy: normal, platformName: windows, proxy: Proxy(), se:cdp: ws://localhost:62621/devtoo..., se:cdpVersion: 151.0.7922.174, setWindowRect: true, strictFileInteractability: false, timeouts: {implicit: 0, pageLoad: 300000, script: 30000}, unhandledPromptBehavior: dismiss and notify, webauthn:extension:credBlob: true, webauthn:extension:largeBlob: true, webauthn:extension:minPinLength: true, webauthn:extension:prf: true, webauthn:virtualAuthenticators: true}
Session ID: 5f518af2bf9e8545c9f2a54bb146d2f9
at org.openqa.selenium.support.ui.WebDriverWait.timeoutException(WebDriverWait.java:84)
at org.openqa.selenium.support.ui.FluentWait.until(FluentWait.java:228)
at com.orangehrm.pages.DirectoryPage.navigateToDirectory(DirectoryPage.java:28)
at com.orangehrm.tests.DirectoryTests.testSearchWithNonExistentEmployeeName(DirectoryTests.java:25)
at java.base/java.util.ArrayList.forEach(ArrayList.java:1612)
... Removed 29 stack frames]]>
    </failure>
  </testcase> <!-- testSearchWithNonExistentEmployeeName -->
</testsuite> <!-- Regression -->
